<?xml version="1.0" encoding="UTF-8"?>
<!-- Generated by org.testng.reporters.JUnitXMLReporter -->
<testsuite ignored="0" hostname="DIN82001000" failures="1" tests="1" name="test1" time="0.401" errors="0" timestamp="2021-09-08T20:14:22 IST">
  <testcase classname="io.cucumber.testng.AbstractTestNGCucumberTests" name="runScenario" time="0.088">
    <failure type="io.cucumber.core.exception.CucumberException" message="Could not create a cucumber expression for &amp;apos;Open anybrowser of choice {String} and navigate to ebay home page&amp;apos;.
It appears you did not register a parameter type.">
      <![CDATA[io.cucumber.core.exception.CucumberException: Could not create a cucumber expression for 'Open anybrowser of choice {String} and navigate to ebay home page'.
It appears you did not register a parameter type.
at io.cucumber.core.stepexpression.StepExpressionFactory.registerTypeInConfiguration(StepExpressionFactory.java:101)
at io.cucumber.core.stepexpression.StepExpressionFactory.crateExpression(StepExpressionFactory.java:95)
at io.cucumber.core.stepexpression.StepExpressionFactory.createExpression(StepExpressionFactory.java:61)
at io.cucumber.core.stepexpression.StepExpressionFactory.createExpression(StepExpressionFactory.java:49)
at io.cucumber.core.runner.CachingGlue.lambda$prepareGlue$3(CachingGlue.java:244)
at java.base/java.util.ArrayList.forEach(ArrayList.java:1511)
at io.cucumber.core.runner.CachingGlue.prepareGlue(CachingGlue.java:243)
at io.cucumber.core.runner.Runner.runPickle(Runner.java:70)
at io.cucumber.testng.TestNGCucumberRunner.lambda$runScenario$0(TestNGCucumberRunner.java:117)
at io.cucumber.core.runtime.CucumberExecutionContext.runTestCase(CucumberExecutionContext.java:117)
at io.cucumber.testng.TestNGCucumberRunner.runScenario(TestNGCucumberRunner.java:114)
at io.cucumber.testng.AbstractTestNGCucumberTests.runScenario(AbstractTestNGCucumberTests.java:31)
at java.base/java.util.ArrayList.forEach(ArrayList.java:1511)
Caused by: io.cucumber.cucumberexpressions.UndefinedParameterTypeException: Undefined parameter type {String}. Please register a ParameterType for {String}.
at io.cucumber.cucumberexpressions.CucumberExpression.processParameters(CucumberExpression.java:103)
at io.cucumber.cucumberexpressions.CucumberExpression.<init>(CucumberExpression.java:35)
at io.cucumber.cucumberexpressions.ExpressionFactory.createExpression(ExpressionFactory.java:34)
at io.cucumber.core.stepexpression.StepExpressionFactory.crateExpression(StepExpressionFactory.java:88)
... 38 more
... Removed 27 stack frames]]>
    </failure>
  </testcase> <!-- runScenario -->
</testsuite> <!-- test1 -->
